<?xml version="1.0" encoding="UTF-8"?>
<testsuite xmlns:xsi="http://www.w3.org/2001/XMLSchema-instance" xsi:noNamespaceSchemaLocation="https://maven.apache.org/surefire/maven-surefire-plugin/xsd/surefire-test-report.xsd" name="creational.prototype.PrototypeTest" time="0.002" tests="1" errors="0" skipped="0" failures="0">
  <properties>
    <property name="sun.desktop" value="windows"/>
    <property name="awt.toolkit" value="sun.awt.windows.WToolkit"/>
    <property name="java.specification.version" value="11"/>
    <property name="sun.cpu.isalist" value="amd64"/>
    <property name="sun.jnu.encoding" value="Cp1252"/>
    <property name="java.class.path" value="B:\Programming\IdeaProjects\kotlin-designpatterns\target\test-classes;B:\Programming\IdeaProjects\kotlin-designpatterns\target\classes;C:\Users\MD\.m2\repository\org\jetbrains\kotlin\kotlin-test-junit5\1.5.30\kotlin-test-junit5-1.5.30.jar;C:\Users\MD\.m2\repository\org\jetbrains\kotlin\kotlin-test\1.5.30\kotlin-test-1.5.30.jar;C:\Users\MD\.m2\repository\org\junit\jupiter\junit-jupiter-api\5.6.0\junit-jupiter-api-5.6.0.jar;C:\Users\MD\.m2\repository\org\apiguardian\apiguardian-api\1.1.0\apiguardian-api-1.1.0.jar;C:\Users\MD\.m2\repository\org\opentest4j\opentest4j\1.2.0\opentest4j-1.2.0.jar;C:\Users\MD\.m2\repository\org\junit\platform\junit-platform-commons\1.6.0\junit-platform-commons-1.6.0.jar;C:\Users\MD\.m2\repository\org\junit\jupiter\junit-jupiter-engine\5.6.0\junit-jupiter-engine-5.6.0.jar;C:\Users\MD\.m2\repository\org\junit\platform\junit-platform-engine\1.6.0\junit-platform-engine-1.6.0.jar;C:\Users\MD\.m2\repository\org\jetbrains\kotlin\kotlin-stdlib-jdk8\1.5.30\kotlin-stdlib-jdk8-1.5.30.jar;C:\Users\MD\.m2\repository\org\jetbrains\kotlin\kotlin-stdlib\1.5.30\kotlin-stdlib-1.5.30.jar;C:\Users\MD\.m2\repository\org\jetbrains\annotations\13.0\annotations-13.0.jar;C:\Users\MD\.m2\repository\org\jetbrains\kotlin\kotlin-stdlib-common\1.5.30\kotlin-stdlib-common-1.5.30.jar;C:\Users\MD\.m2\repository\org\jetbrains\kotlin\kotlin-stdlib-jdk7\1.5.30\kotlin-stdlib-jdk7-1.5.30.jar;C:\Users\MD\.m2\repository\org\assertj\assertj-core\3.19.0\assertj-core-3.19.0.jar;C:\Users\MD\.m2\repository\junit\junit\4.12\junit-4.12.jar;C:\Users\MD\.m2\repository\org\hamcrest\hamcrest-core\1.3\hamcrest-core-1.3.jar;"/>
    <property name="java.vm.vendor" value="AdoptOpenJDK"/>
    <property name="sun.arch.data.model" value="64"/>
    <property name="user.variant" value=""/>
    <property name="java.vendor.url" value="https://adoptopenjdk.net/"/>
    <property name="user.timezone" value="Europe/Berlin"/>
    <property name="java.vm.specification.version" value="11"/>
    <property name="os.name" value="Windows 10"/>
    <property name="sun.java.launcher" value="SUN_STANDARD"/>
    <property name="user.country" value="AT"/>
    <property name="sun.boot.library.path" value="C:\Java\OpenJdk\jdk11\bin"/>
    <property name="sun.java.command" value="C:\Users\MD\AppData\Local\Temp\surefire11627218078815542964\surefirebooter13370101661297359828.jar C:\Users\MD\AppData\Local\Temp\surefire11627218078815542964 2021-10-07T15-39-39_358-jvmRun1 surefire9197284878458537564tmp surefire_013789686956545265771tmp"/>
    <property name="jdk.debug" value="release"/>
    <property name="surefire.test.class.path" value="B:\Programming\IdeaProjects\kotlin-designpatterns\target\test-classes;B:\Programming\IdeaProjects\kotlin-designpatterns\target\classes;C:\Users\MD\.m2\repository\org\jetbrains\kotlin\kotlin-test-junit5\1.5.30\kotlin-test-junit5-1.5.30.jar;C:\Users\MD\.m2\repository\org\jetbrains\kotlin\kotlin-test\1.5.30\kotlin-test-1.5.30.jar;C:\Users\MD\.m2\repository\org\junit\jupiter\junit-jupiter-api\5.6.0\junit-jupiter-api-5.6.0.jar;C:\Users\MD\.m2\repository\org\apiguardian\apiguardian-api\1.1.0\apiguardian-api-1.1.0.jar;C:\Users\MD\.m2\repository\org\opentest4j\opentest4j\1.2.0\opentest4j-1.2.0.jar;C:\Users\MD\.m2\repository\org\junit\platform\junit-platform-commons\1.6.0\junit-platform-commons-1.6.0.jar;C:\Users\MD\.m2\repository\org\junit\jupiter\junit-jupiter-engine\5.6.0\junit-jupiter-engine-5.6.0.jar;C:\Users\MD\.m2\repository\org\junit\platform\junit-platform-engine\1.6.0\junit-platform-engine-1.6.0.jar;C:\Users\MD\.m2\repository\org\jetbrains\kotlin\kotlin-stdlib-jdk8\1.5.30\kotlin-stdlib-jdk8-1.5.30.jar;C:\Users\MD\.m2\repository\org\jetbrains\kotlin\kotlin-stdlib\1.5.30\kotlin-stdlib-1.5.30.jar;C:\Users\MD\.m2\repository\org\jetbrains\annotations\13.0\annotations-13.0.jar;C:\Users\MD\.m2\repository\org\jetbrains\kotlin\kotlin-stdlib-common\1.5.30\kotlin-stdlib-common-1.5.30.jar;C:\Users\MD\.m2\repository\org\jetbrains\kotlin\kotlin-stdlib-jdk7\1.5.30\kotlin-stdlib-jdk7-1.5.30.jar;C:\Users\MD\.m2\repository\org\assertj\assertj-core\3.19.0\assertj-core-3.19.0.jar;C:\Users\MD\.m2\repository\junit\junit\4.12\junit-4.12.jar;C:\Users\MD\.m2\repository\org\hamcrest\hamcrest-core\1.3\hamcrest-core-1.3.jar;"/>
    <property name="sun.cpu.endian" value="little"/>
    <property name="user.home" value="C:\Users\MD"/>
    <property name="user.language" value="de"/>
    <property name="java.specification.vendor" value="Oracle Corporation"/>
    <property name="java.version.date" value="2019-01-15"/>
    <property name="java.home" value="C:\Java\OpenJdk\jdk11"/>
    <property name="file.separator" value="\"/>
    <property name="basedir" value="B:\Programming\IdeaProjects\kotlin-designpatterns"/>
    <property name="java.vm.compressedOopsMode" value="Zero based"/>
    <property name="line.separator" value="&#10;"/>
    <property name="java.specification.name" value="Java Platform API Specification"/>
    <property name="java.vm.specification.vendor" value="Oracle Corporation"/>
    <property name="java.awt.graphicsenv" value="sun.awt.Win32GraphicsEnvironment"/>
    <property name="surefire.real.class.path" value="C:\Users\MD\AppData\Local\Temp\surefire11627218078815542964\surefirebooter13370101661297359828.jar"/>
    <property name="user.script" value=""/>
    <property name="sun.management.compiler" value="HotSpot 64-Bit Tiered Compilers"/>
    <property name="java.runtime.version" value="11.0.2+9"/>
    <property name="user.name" value="MD"/>
    <property name="path.separator" value=";"/>
    <property name="os.version" value="10.0"/>
    <property name="java.runtime.name" value="OpenJDK Runtime Environment"/>
    <property name="file.encoding" value="Cp1252"/>
    <property name="java.vm.name" value="OpenJDK 64-Bit Server VM"/>
    <property name="java.vendor.version" value="AdoptOpenJDK"/>
    <property name="localRepository" value="C:\Users\MD\.m2\repository"/>
    <property name="java.vendor.url.bug" value="http://bugreport.java.com/bugreport/"/>
    <property name="java.io.tmpdir" value="C:\Users\MD\AppData\Local\Temp\"/>
    <property name="idea.version" value="2021.2.2"/>
    <property name="java.version" value="11.0.2"/>
    <property name="user.dir" value="B:\Programming\IdeaProjects\kotlin-designpatterns"/>
    <property name="os.arch" value="amd64"/>
    <property name="java.vm.specification.name" value="Java Virtual Machine Specification"/>
    <property name="java.awt.printerjob" value="sun.awt.windows.WPrinterJob"/>
    <property name="sun.os.patch.level" value=""/>
    <property name="java.library.path" value="C:\Java\OpenJdk\jdk11\bin;C:\WINDOWS\Sun\Java\bin;C:\WINDOWS\system32;C:\WINDOWS;C:\Programming\CUDA\bin;C:\Programming\CUDA\libnvvp;C:\Program Files\Intel\iCLS Client\;C:\windows\system32;C:\windows;C:\windows\System32\Wbem;C:\windows\System32\WindowsPowerShell\v1.0\;C:\Programming\MySQL\mysql-5_6_39\bin;C:\Programming\maven\3.5.3\bin;C:\WINDOWS\system32;C:\WINDOWS;C:\WINDOWS\System32\Wbem;C:\WINDOWS\System32\WindowsPowerShell\v1.0\;C:\WINDOWS\System32\OpenSSH\;C:\Program Files\PuTTY\;C:\Go\bin;C:\Program Files\dotnet\;C:\Java\OpenJdk\jdk8\bin;C:\Program Files (x86)\NVIDIA Corporation\PhysX\Common;C:\Programming\Microsoft VS Code\bin;C:\WINDOWS\system32;C:\WINDOWS;C:\WINDOWS\System32\Wbem;C:\WINDOWS\System32\WindowsPowerShell\v1.0\;C:\WINDOWS\System32\OpenSSH\;C:\Program Files (x86)\Intel\Intel(R) Management Engine Components\DAL;C:\Program Files\Intel\Intel(R) Management Engine Components\DAL;B:\Programming\gradle\gradle-7.0.2\bin;B:\Programming\Android\sdk\platform-tools;B:\Programming\Android\sdk\tools;C:\Git\cmd;C:\Programming\Frontend\nodejs\;C:\Program Files\Docker\Docker\resources\bin;C:\ProgramData\DockerDesktop\version-bin;D:\Programming\ffmpeg\bin;C:\Users\MD\AppData\Local\Microsoft\WindowsApps;C:\Programming\gradle\4.8.1\bin;C:\Users\MD\go\bin;C:\Users\MD\.dotnet\tools;C:\Users\MD\AppData\Local\Microsoft\WindowsApps;C:\Programming\Anaconda3\envs\ml-standard;C:\Users\MD\AppData\Roaming\npm;."/>
    <property name="java.vendor" value="AdoptOpenJDK"/>
    <property name="java.vm.info" value="mixed mode"/>
    <property name="java.vm.version" value="11.0.2+9"/>
    <property name="sun.io.unicode.encoding" value="UnicodeLittle"/>
    <property name="java.class.version" value="55.0"/>
  </properties>
  <testcase name="test prototype cache" classname="creational.prototype.PrototypeTest" time="0.002"/>
</testsuite>